<?xml version="1.0" encoding="UTF-8"?>
<!-- Generated by org.testng.reporters.JUnitReportReporter -->
<testsuite hostname="LAPTOP-2EFVOM3E" failures="0" tests="1" name="testCases.TC_001_AccountregistrationTest" time="133.188" errors="0" timestamp="2024-08-30T22:20:13 IST" skipped="0">
  <testcase classname="testCases.TC_001_AccountregistrationTest" name="Verify_accountRegistrationTest" time="133.188"/>
  <system-out/>
</testsuite> <!-- testCases.TC_001_AccountregistrationTest -->
